Traceback (most recent call last):
  File "/opt/hostedtoolcache/Python/3.12.10/x64/lib/python3.12/site-packages/jupyter_core/utils/__init__.py", line 154, in wrapped
    asyncio.get_running_loop()
RuntimeError: no running event loop

During handling of the above exception, another exception occurred:

Traceback (most recent call last):
  File "/opt/hostedtoolcache/Python/3.12.10/x64/lib/python3.12/site-packages/jupyter_cache/executors/utils.py", line 58, in single_nb_execution
    executenb(
  File "/opt/hostedtoolcache/Python/3.12.10/x64/lib/python3.12/site-packages/nbclient/client.py", line 1319, in execute
    return NotebookClient(nb=nb, resources=resources, km=km, **kwargs).execute()
           ^^^^^^^^^^^^^^^^^^^^^^^^^^^^^^^^^^^^^^^^^^^^^^^^^^^^^^^^^^^^^^^^^^^^^
  File "/opt/hostedtoolcache/Python/3.12.10/x64/lib/python3.12/site-packages/jupyter_core/utils/__init__.py", line 158, in wrapped
    return loop.run_until_complete(inner)
           ^^^^^^^^^^^^^^^^^^^^^^^^^^^^^^
  File "/opt/hostedtoolcache/Python/3.12.10/x64/lib/python3.12/asyncio/base_events.py", line 691, in run_until_complete
    return future.result()
           ^^^^^^^^^^^^^^^
  File "/opt/hostedtoolcache/Python/3.12.10/x64/lib/python3.12/site-packages/nbclient/client.py", line 709, in async_execute
    await self.async_execute_cell(
  File "/opt/hostedtoolcache/Python/3.12.10/x64/lib/python3.12/site-packages/nbclient/client.py", line 1062, in async_execute_cell
    await self._check_raise_for_error(cell, cell_index, exec_reply)
  File "/opt/hostedtoolcache/Python/3.12.10/x64/lib/python3.12/site-packages/nbclient/client.py", line 918, in _check_raise_for_error
    raise CellExecutionError.from_cell_and_msg(cell, exec_reply_content)
nbclient.exceptions.CellExecutionError: An error occurred while executing the following cell:
------------------
from astropy.modeling.models import Gaussian1D
from astropy.modeling.fitting import LevMarLSQFitter

lmfitter = LevMarLSQFitter()
guess = Gaussian1D(amplitude=mean_trace_profile.max(), mean=0, stddev=5)
fitted_trace_profile = lmfitter(
    model=guess, x=trace_profile_xaxis, y=mean_trace_profile
)
model_trace_profile = fitted_trace_profile(trace_profile_xaxis)
fitted_trace_profile
------------------


[31m---------------------------------------------------------------------------[39m
[31mModuleNotFoundError[39m                       Traceback (most recent call last)
[36mCell[39m[36m [39m[32mIn[39][39m[32m, line 6[39m
[32m      4[39m lmfitter = LevMarLSQFitter()
[32m      5[39m guess = Gaussian1D(amplitude=mean_trace_profile.max(), mean=[32m0[39m, stddev=[32m5[39m)
[32m----> [39m[32m6[39m fitted_trace_profile = [43mlmfitter[49m[43m([49m
[32m      7[39m [43m    [49m[43mmodel[49m[43m=[49m[43mguess[49m[43m,[49m[43m [49m[43mx[49m[43m=[49m[43mtrace_profile_xaxis[49m[43m,[49m[43m [49m[43my[49m[43m=[49m[43mmean_trace_profile[49m
[32m      8[39m [43m)[49m
[32m      9[39m model_trace_profile = fitted_trace_profile(trace_profile_xaxis)
[32m     10[39m fitted_trace_profile

[36mFile [39m[32m/opt/hostedtoolcache/Python/3.12.10/x64/lib/python3.12/site-packages/astropy/modeling/fitting.py:288[39m, in [36mfitter_unit_support.<locals>.wrapper[39m[34m(self, model, x, y, z, **kwargs)[39m
[32m    283[39m         [38;5;28;01mraise[39;00m [38;5;167;01mNotImplementedError[39;00m(
[32m    284[39m             [33m"[39m[33mThis model does not support being fit to data with units.[39m[33m"[39m
[32m    285[39m         )
[32m    287[39m [38;5;28;01melse[39;00m:
[32m--> [39m[32m288[39m     [38;5;28;01mreturn[39;00m [43mfunc[49m[43m([49m[38;5;28;43mself[39;49m[43m,[49m[43m [49m[43mmodel[49m[43m,[49m[43m [49m[43mx[49m[43m,[49m[43m [49m[43my[49m[43m,[49m[43m [49m[43mz[49m[43m=[49m[43mz[49m[43m,[49m[43m [49m[43m*[49m[43m*[49m[43mkwargs[49m[43m)[49m

[36mFile [39m[32m/opt/hostedtoolcache/Python/3.12.10/x64/lib/python3.12/site-packages/astropy/modeling/fitting.py:1429[39m, in [36m_NonLinearLSQFitter.__call__[39m[34m(self, model, x, y, z, weights, maxiter, acc, epsilon, estimate_jacobian, filter_non_finite, inplace)[39m
[32m   1422[39m farg = (
[32m   1423[39m     model_copy,
[32m   1424[39m     weights,
[32m   1425[39m ) + _convert_input(x, y, z)
[32m   1427[39m fkwarg = {[33m"[39m[33mfit_param_indices[39m[33m"[39m: [38;5;28mset[39m(fit_param_indices)}
[32m-> [39m[32m1429[39m init_values, fitparams, cov_x = [38;5;28;43mself[39;49m[43m.[49m[43m_run_fitter[49m[43m([49m
[32m   1430[39m [43m    [49m[43mmodel_copy[49m[43m,[49m[43m [49m[43mfarg[49m[43m,[49m[43m [49m[43mfkwarg[49m[43m,[49m[43m [49m[43mmaxiter[49m[43m,[49m[43m [49m[43macc[49m[43m,[49m[43m [49m[43mepsilon[49m[43m,[49m[43m [49m[43mestimate_jacobian[49m
[32m   1431[39m [43m[49m[43m)[49m
[32m   1433[39m [38;5;28mself[39m._compute_param_cov(
[32m   1434[39m     model_copy, y, init_values, cov_x, fitparams, farg, fkwarg, weights
[32m   1435[39m )
[32m   1437[39m model_copy.sync_constraints = [38;5;28;01mTrue[39;00m

[36mFile [39m[32m/opt/hostedtoolcache/Python/3.12.10/x64/lib/python3.12/site-packages/astropy/modeling/fitting.py:1497[39m, in [36mLevMarLSQFitter._run_fitter[39m[34m(self, model, farg, fkwarg, maxiter, acc, epsilon, estimate_jacobian)[39m
[32m   1494[39m [38;5;28;01mdef[39;00m[38;5;250m [39m[34m_run_fitter[39m(
[32m   1495[39m     [38;5;28mself[39m, model, farg, fkwarg, maxiter, acc, epsilon, estimate_jacobian
[32m   1496[39m ):
[32m-> [39m[32m1497[39m     [38;5;28;01mfrom[39;00m[38;5;250m [39m[34;01mscipy[39;00m[38;5;250m [39m[38;5;28;01mimport[39;00m optimize
[32m   1499[39m     [38;5;28;01mif[39;00m model.fit_deriv [38;5;129;01mis[39;00m [38;5;28;01mNone[39;00m [38;5;129;01mor[39;00m estimate_jacobian:
[32m   1500[39m         dfunc = [38;5;28;01mNone[39;00m

[31mModuleNotFoundError[39m: No module named 'scipy'

